,number,value,datetime_start,datetime_complete,duration,params_learning_rate,params_n_estimators,params_n_voters,state
0,0,0.8423182798142357,2024-07-04 10:55:43.551269,2024-07-04 10:56:47.268530,0 days 00:01:03.717261,0.0248461687421351,120,4,COMPLETE
1,1,0.8825998371421111,2024-07-04 10:56:47.279181,2024-07-04 10:58:07.817988,0 days 00:01:20.538807,0.04595068893557344,100,11,COMPLETE
2,2,0.8244511361248665,2024-07-04 10:58:07.826815,2024-07-04 10:59:42.355834,0 days 00:01:34.529019,0.0016002303899586149,120,15,COMPLETE
3,3,0.8087380880638652,2024-07-04 10:59:42.363784,2024-07-04 11:02:34.374124,0 days 00:02:52.010340,0.0021560531082856806,200,19,COMPLETE
4,4,0.862527755664263,2024-07-04 11:02:34.383549,2024-07-04 11:05:31.051711,0 days 00:02:56.668162,0.01061710292709643,200,18,COMPLETE
5,5,0.8525893009258467,2024-07-04 11:05:31.060632,2024-07-04 11:06:25.189780,0 days 00:00:54.129148,0.011826757340963001,60,15,COMPLETE
6,6,0.6828651919662436,2024-07-04 11:06:25.200801,2024-07-04 11:07:33.712447,0 days 00:01:08.511646,0.0032038374530860836,140,6,COMPLETE
7,7,0.8546726544503075,2024-07-04 11:07:33.721892,2024-07-04 11:08:45.849791,0 days 00:01:12.127899,0.00802883321752304,80,13,COMPLETE
8,8,0.5,2024-07-04 11:08:45.858518,2024-07-04 11:09:46.141905,0 days 00:01:00.283387,0.002010040901901548,60,10,COMPLETE
9,9,0.8870848581954445,2024-07-04 11:09:46.150616,2024-07-04 11:11:05.286030,0 days 00:01:19.135414,0.05710066130791045,140,8,COMPLETE
10,10,0.808477662463827,2024-07-04 11:11:05.295228,2024-07-04 11:12:42.520294,0 days 00:01:37.225066,0.09146556119631263,160,2,COMPLETE
11,11,0.8881069187519547,2024-07-04 11:12:42.528982,2024-07-04 11:13:48.167375,0 days 00:01:05.638393,0.0893491248622469,100,8,COMPLETE
12,12,0.8882469317660051,2024-07-04 11:13:48.176688,2024-07-04 11:15:19.152513,0 days 00:01:30.975825,0.07560145883580464,160,7,COMPLETE
13,13,0.8892691483211632,2024-07-04 11:15:19.161824,2024-07-04 11:16:44.245516,0 days 00:01:25.083692,0.09393495320636834,160,7,COMPLETE
14,14,0.7461932268130556,2024-07-04 11:16:44.254775,2024-07-04 11:19:02.911947,0 days 00:02:18.657172,0.03295317406647674,180,1,COMPLETE
15,15,0.8653358371139737,2024-07-04 11:19:02.921970,2024-07-04 11:20:19.056508,0 days 00:01:16.134538,0.022076075041580386,160,5,COMPLETE
16,16,0.8917341854054097,2024-07-04 11:20:19.065674,2024-07-04 11:21:49.634990,0 days 00:01:30.569316,0.09849119540851549,160,8,COMPLETE
17,17,0.8872392981928992,2024-07-04 11:21:49.644537,2024-07-04 11:24:06.959602,0 days 00:02:17.315065,0.04196453872369558,180,10,COMPLETE
18,18,0.8430325034762894,2024-07-04 11:24:06.968805,2024-07-04 11:25:27.513519,0 days 00:01:20.544714,0.01576264442969468,180,4,COMPLETE
19,19,0.8601254824528546,2024-07-04 11:25:27.522890,2024-07-04 11:27:00.092443,0 days 00:01:32.569553,0.0054431895332090465,140,12,COMPLETE
20,20,0.886633701101931,2024-07-04 11:27:00.102187,2024-07-04 11:28:58.591646,0 days 00:01:58.489459,0.05705304125657472,160,9,COMPLETE
21,21,0.8879094646563501,2024-07-04 11:28:58.600753,2024-07-04 11:30:20.384303,0 days 00:01:21.783550,0.0974494790595188,160,7,COMPLETE
22,22,0.8821528131518155,2024-07-04 11:30:20.393325,2024-07-04 11:31:56.891023,0 days 00:01:36.497698,0.06837731574910705,180,6,COMPLETE
23,23,0.8342191340340298,2024-07-04 11:31:56.900268,2024-07-04 11:33:21.386974,0 days 00:01:24.486706,0.03555778457205543,160,3,COMPLETE
24,24,0.8879673399029413,2024-07-04 11:33:21.395484,2024-07-04 11:34:37.213171,0 days 00:01:15.817687,0.0766180503582529,140,7,COMPLETE
25,25,0.5,2024-07-04 11:34:37.221977,2024-07-04 11:36:02.286033,0 days 00:01:25.064056,0.001073088062590435,120,9,COMPLETE
26,26,0.8860289047912943,2024-07-04 11:36:02.295334,2024-07-04 11:38:26.327964,0 days 00:02:24.032630,0.028044249818514427,200,13,COMPLETE
27,27,0.8766539957767343,2024-07-04 11:38:26.337235,2024-07-04 11:39:57.612740,0 days 00:01:31.275505,0.05340341881135604,180,5,COMPLETE
28,28,0.8702948813092004,2024-07-04 11:39:57.621831,2024-07-04 11:41:28.325222,0 days 00:01:30.703391,0.01572482110438377,160,8,COMPLETE
29,29,0.8503057797795253,2024-07-04 11:41:28.337396,2024-07-04 11:42:42.969973,0 days 00:01:14.632577,0.022835172937625794,140,4,COMPLETE
30,30,0.881066613677201,2024-07-04 11:42:42.979291,2024-07-04 11:43:49.523109,0 days 00:01:06.543818,0.06846946339781423,120,6,COMPLETE
31,31,0.888138295818076,2024-07-04 11:43:49.532099,2024-07-04 11:44:50.617137,0 days 00:01:01.085038,0.09782906480567212,100,8,COMPLETE
32,32,0.8915232053115947,2024-07-04 11:44:50.626033,2024-07-04 11:46:13.200748,0 days 00:01:22.574715,0.099925967041437,100,10,COMPLETE
33,33,0.876726345263247,2024-07-04 11:46:13.209859,2024-07-04 11:47:19.181329,0 days 00:01:05.971470,0.04274515983020996,80,11,COMPLETE
34,34,0.8848775502091785,2024-07-04 11:47:19.190244,2024-07-04 11:48:27.469940,0 days 00:01:08.279696,0.05512800065174187,80,12,COMPLETE
35,35,0.8877728981313167,2024-07-04 11:48:27.479501,2024-07-04 11:50:05.821012,0 days 00:01:38.341511,0.0716980409725318,120,9,COMPLETE
36,36,0.8811024123072269,2024-07-04 11:50:05.835990,2024-07-04 11:51:25.420652,0 days 00:01:19.584662,0.04501210357537029,100,11,COMPLETE
37,37,0.8867185934322764,2024-07-04 11:51:25.430098,2024-07-04 11:53:23.731041,0 days 00:01:58.300943,0.07391699513802302,140,15,COMPLETE
38,38,0.8890238016397012,2024-07-04 11:53:23.740206,2024-07-04 11:55:08.511564,0 days 00:01:44.771358,0.09835244722478238,200,7,COMPLETE
39,39,0.8252090774455908,2024-07-04 11:55:08.520572,2024-07-04 11:56:38.715245,0 days 00:01:30.194673,0.006429955219775193,200,5,COMPLETE
40,40,0.8482407193253166,2024-07-04 11:56:38.725084,2024-07-04 11:59:01.336166,0 days 00:02:22.611082,0.0042986032380782965,200,16,COMPLETE
41,41,0.8875704653431417,2024-07-04 11:59:01.345293,2024-07-04 12:00:36.364198,0 days 00:01:35.018905,0.08009840556773724,180,7,COMPLETE
42,42,0.889752334987716,2024-07-04 12:00:36.373211,2024-07-04 12:02:39.883011,0 days 00:02:03.509800,0.0635898528194928,160,10,COMPLETE
43,43,0.8908746230488939,2024-07-04 12:02:39.893239,2024-07-04 12:05:08.732783,0 days 00:02:28.839544,0.05959270356585158,200,10,COMPLETE
44,44,0.8839133901150182,2024-07-04 12:05:08.742403,2024-07-04 12:06:16.422137,0 days 00:01:07.679734,0.05909917439393716,80,10,COMPLETE
45,45,0.8862233885170034,2024-07-04 12:06:16.431199,2024-07-04 12:08:27.612570,0 days 00:02:11.181371,0.03537637848373053,180,12,COMPLETE
46,46,0.8771458980914252,2024-07-04 12:08:27.621484,2024-07-04 12:10:46.215005,0 days 00:02:18.593521,0.048076337542907986,140,20,COMPLETE
47,47,0.8890155793590235,2024-07-04 12:10:46.224222,2024-07-04 12:12:47.710893,0 days 00:02:01.486671,0.06315578114943135,160,13,COMPLETE
48,48,0.8762906353732578,2024-07-04 12:12:47.720209,2024-07-04 12:14:20.018165,0 days 00:01:32.297956,0.028516454048403726,120,9,COMPLETE
49,49,0.8835040647930708,2024-07-04 12:14:20.027262,2024-07-04 12:15:15.034205,0 days 00:00:55.006943,0.08091938660708022,60,14,COMPLETE
