,number,value,datetime_start,datetime_complete,duration,params_learning_rate,params_n_estimators,params_n_voters,state
0,0,0.7407717420457234,2024-07-05 10:40:05.262094,2024-07-05 10:42:10.555706,0 days 00:02:05.293612,0.034885205571560766,160,1,COMPLETE
1,1,0.8752110437467492,2024-07-05 10:42:10.565702,2024-07-05 10:43:11.427693,0 days 00:01:00.861991,0.03144906695123094,80,10,COMPLETE
2,2,0.7958859236236762,2024-07-05 10:43:11.436609,2024-07-05 10:44:18.233096,0 days 00:01:06.796487,0.002489577954043502,80,16,COMPLETE
3,3,0.8462919777474476,2024-07-05 10:44:18.242255,2024-07-05 10:46:33.184359,0 days 00:02:14.942104,0.0015020335327164721,200,14,COMPLETE
4,4,0.8287753116019673,2024-07-05 10:46:33.193678,2024-07-05 10:48:31.306550,0 days 00:01:58.112872,0.001018348745338606,180,11,COMPLETE
5,5,0.8632172609975977,2024-07-05 10:48:31.315057,2024-07-05 10:49:47.144011,0 days 00:01:15.828954,0.01679005557522366,100,15,COMPLETE
6,6,0.8866857436072106,2024-07-05 10:49:47.151315,2024-07-05 10:51:38.323665,0 days 00:01:51.172350,0.06847755494022188,140,15,COMPLETE
7,7,0.7153186056414298,2024-07-05 10:51:38.332717,2024-07-05 10:52:55.248248,0 days 00:01:16.915531,0.0019245982882901906,160,8,COMPLETE
8,8,0.862158741986349,2024-07-05 10:52:55.257448,2024-07-05 10:54:32.856854,0 days 00:01:37.599406,0.007650086554079969,140,9,COMPLETE
9,9,0.8640947965897656,2024-07-05 10:54:32.865818,2024-07-05 10:56:12.628491,0 days 00:01:39.762673,0.010623716801588558,140,14,COMPLETE
10,10,0.8797622264000727,2024-07-05 10:56:12.637454,2024-07-05 10:58:14.099009,0 days 00:02:01.461555,0.07781750281810046,120,20,COMPLETE
11,11,0.8787985668790969,2024-07-05 10:58:14.107869,2024-07-05 11:00:10.514227,0 days 00:01:56.406358,0.0772423225940892,120,19,COMPLETE
12,12,0.8830149700418474,2024-07-05 11:00:10.523333,2024-07-05 11:02:05.112991,0 days 00:01:54.589658,0.09918273483363291,120,19,COMPLETE
13,13,0.8784032335017505,2024-07-05 11:02:05.120896,2024-07-05 11:03:08.968644,0 days 00:01:03.847748,0.09137003464214873,60,18,COMPLETE
14,14,0.872713239585966,2024-07-05 11:03:08.977733,2024-07-05 11:04:42.801180,0 days 00:01:33.823447,0.03583312384979869,100,17,COMPLETE
15,15,0.8889583948789233,2024-07-05 11:04:42.809554,2024-07-05 11:06:33.665982,0 days 00:01:50.856428,0.05337428233829393,160,12,COMPLETE
16,16,0.8734267161682332,2024-07-05 11:06:33.674683,2024-07-05 11:07:57.623080,0 days 00:01:23.948397,0.04889478204637204,180,5,COMPLETE
17,17,0.8754985227706765,2024-07-05 11:07:57.631400,2024-07-05 11:09:40.274010,0 days 00:01:42.642610,0.01809283027271325,160,12,COMPLETE
18,18,0.7979277697357621,2024-07-05 11:09:40.282012,2024-07-05 11:11:03.589906,0 days 00:01:23.307894,0.003822936881700532,200,6,COMPLETE
19,19,0.876310897589158,2024-07-05 11:11:03.597690,2024-07-05 11:13:02.324885,0 days 00:01:58.727195,0.019788886529687046,180,13,COMPLETE
20,20,0.838152666677184,2024-07-05 11:13:02.334943,2024-07-05 11:14:14.178490,0 days 00:01:11.843547,0.05338262543312653,140,3,COMPLETE
21,21,0.8829946137887358,2024-07-05 11:14:14.185906,2024-07-05 11:16:10.165549,0 days 00:01:55.979643,0.09481377789192426,120,17,COMPLETE
22,22,0.8744059843153809,2024-07-05 11:16:10.174258,2024-07-05 11:17:49.078247,0 days 00:01:38.903989,0.05414576727198354,100,20,COMPLETE
23,23,0.8863973828275988,2024-07-05 11:17:49.086541,2024-07-05 11:19:54.198100,0 days 00:02:05.111559,0.06219156367209863,160,16,COMPLETE
24,24,0.8829881183335843,2024-07-05 11:19:54.206510,2024-07-05 11:21:43.452650,0 days 00:01:49.246140,0.02588717259517985,160,12,COMPLETE
25,25,0.8849742803355332,2024-07-05 11:21:43.461534,2024-07-05 11:23:25.543708,0 days 00:01:42.082174,0.05463147045822757,140,15,COMPLETE
26,26,0.8710090777401337,2024-07-05 11:23:25.550752,2024-07-05 11:25:20.874200,0 days 00:01:55.323448,0.012374066848229457,180,13,COMPLETE
27,27,0.8520297469516457,2024-07-05 11:25:20.883079,2024-07-05 11:27:16.717200,0 days 00:01:55.834121,0.006765368115832032,160,16,COMPLETE
28,28,0.8769587670446098,2024-07-05 11:27:16.725888,2024-07-05 11:28:29.283348,0 days 00:01:12.557460,0.024425992658766275,140,8,COMPLETE
29,29,0.7452881377518729,2024-07-05 11:28:29.292271,2024-07-05 11:30:37.481748,0 days 00:02:08.189477,0.04005483246148786,160,1,COMPLETE
30,30,0.8906720807227014,2024-07-05 11:30:37.490389,2024-07-05 11:32:53.869723,0 days 00:02:16.379334,0.060686849742406554,180,11,COMPLETE
31,31,0.8877606375624749,2024-07-05 11:32:53.880299,2024-07-05 11:35:07.252386,0 days 00:02:13.372087,0.04230197260627401,180,11,COMPLETE
32,32,0.8873002859246448,2024-07-05 11:35:07.262035,2024-07-05 11:37:34.570620,0 days 00:02:27.308585,0.03582898565125672,200,10,COMPLETE
33,33,0.8869299197180457,2024-07-05 11:37:34.579569,2024-07-05 11:39:59.697151,0 days 00:02:25.117582,0.03205353851901959,200,10,COMPLETE
34,34,0.8879433669587122,2024-07-05 11:39:59.706104,2024-07-05 11:42:25.524548,0 days 00:02:25.818444,0.03966885611922471,200,11,COMPLETE
35,35,0.8861758429189877,2024-07-05 11:42:25.533318,2024-07-05 11:44:32.244958,0 days 00:02:06.711640,0.04319003673574107,180,11,COMPLETE
36,36,0.8791062961730178,2024-07-05 11:44:32.253710,2024-07-05 11:46:14.646979,0 days 00:01:42.393269,0.022546368246927382,200,8,COMPLETE
37,37,0.8742825234290305,2024-07-05 11:46:14.656009,2024-07-05 11:48:13.914923,0 days 00:01:59.258914,0.014167473453802133,180,12,COMPLETE
38,38,0.8840125533522413,2024-07-05 11:48:13.924034,2024-07-05 11:50:25.725953,0 days 00:02:11.801919,0.030997198322814116,180,9,COMPLETE
39,39,0.8807555286444033,2024-07-05 11:50:25.735325,2024-07-05 11:52:08.679309,0 days 00:01:42.943984,0.064204785089025,200,6,COMPLETE
40,40,0.8576545877752901,2024-07-05 11:52:08.688130,2024-07-05 11:54:12.476512,0 days 00:02:03.788382,0.004231898290341377,180,13,COMPLETE
41,41,0.887944966789887,2024-07-05 11:54:12.485604,2024-07-05 11:56:37.165931,0 days 00:02:24.680327,0.04180977870402725,200,11,COMPLETE
42,42,0.8886544296596204,2024-07-05 11:56:37.174906,2024-07-05 11:59:02.760024,0 days 00:02:25.585118,0.04392173887975251,200,11,COMPLETE
43,43,0.8880293760033815,2024-07-05 11:59:02.769256,2024-07-05 12:01:32.673896,0 days 00:02:29.904640,0.0477622734400061,200,9,COMPLETE
44,44,0.88367189595708,2024-07-05 12:01:32.684661,2024-07-05 12:03:55.891607,0 days 00:02:23.206946,0.027731488340438242,200,9,COMPLETE
45,45,0.8887374886798554,2024-07-05 12:03:55.900843,2024-07-05 12:05:43.518161,0 days 00:01:47.617318,0.07677541229535133,200,7,COMPLETE
46,46,0.8895503791145497,2024-07-05 12:05:43.527367,2024-07-05 12:07:29.527279,0 days 00:01:45.999912,0.08301580433065923,200,7,COMPLETE
47,47,0.8752929069805981,2024-07-05 12:07:29.537306,2024-07-05 12:09:01.717114,0 days 00:01:32.179808,0.07600483471256364,180,5,COMPLETE
48,48,0.8884673890770719,2024-07-05 12:09:01.726714,2024-07-05 12:10:46.643617,0 days 00:01:44.916903,0.07981194984556822,200,7,COMPLETE
49,49,0.8878702440350585,2024-07-05 12:10:46.652464,2024-07-05 12:12:22.003953,0 days 00:01:35.351489,0.0647695606031327,180,7,COMPLETE
